2020-Aug-02 10:49:43.838 [39mDEBUG[0;39m [35m[main][0;39m org.hibernate.SQL.logStatement - drop table Author if exists
2020-Aug-02 10:49:43.862 [39mDEBUG[0;39m [35m[main][0;39m org.hibernate.SQL.logStatement - drop table Authorities if exists
2020-Aug-02 10:49:43.864 [39mDEBUG[0;39m [35m[main][0;39m org.hibernate.SQL.logStatement - drop table AuthorJoinBook if exists
2020-Aug-02 10:49:43.867 [39mDEBUG[0;39m [35m[main][0;39m org.hibernate.SQL.logStatement - drop table Book if exists
2020-Aug-02 10:49:43.869 [39mDEBUG[0;39m [35m[main][0;39m org.hibernate.SQL.logStatement - drop table BookRanking if exists
2020-Aug-02 10:49:43.871 [39mDEBUG[0;39m [35m[main][0;39m org.hibernate.SQL.logStatement - drop table Genre if exists
2020-Aug-02 10:49:43.875 [39mDEBUG[0;39m [35m[main][0;39m org.hibernate.SQL.logStatement - drop table GenreJoinBook if exists
2020-Aug-02 10:49:43.876 [39mDEBUG[0;39m [35m[main][0;39m org.hibernate.SQL.logStatement - drop table MyBooks if exists
2020-Aug-02 10:49:43.877 [39mDEBUG[0;39m [35m[main][0;39m org.hibernate.SQL.logStatement - drop table Prize if exists
2020-Aug-02 10:49:43.880 [39mDEBUG[0;39m [35m[main][0;39m org.hibernate.SQL.logStatement - drop table Review if exists
2020-Aug-02 10:49:43.881 [39mDEBUG[0;39m [35m[main][0;39m org.hibernate.SQL.logStatement - drop table Saga if exists
2020-Aug-02 10:49:43.883 [39mDEBUG[0;39m [35m[main][0;39m org.hibernate.SQL.logStatement - drop table UsefulReview if exists
2020-Aug-02 10:49:43.884 [39mDEBUG[0;39m [35m[main][0;39m org.hibernate.SQL.logStatement - drop table UsersInfo if exists
2020-Aug-02 10:49:43.896 [39mDEBUG[0;39m [35m[main][0;39m org.hibernate.SQL.logStatement - create table Author (Id integer generated by default as identity, AuthorsFullname varchar(50) not null, AuthorsPhotoPath varchar(256) default '/assets/images/default-profile.jpg' not null, Biography varchar(4000) not null, BirthYear integer not null, DeathYear integer, primary key (Id))
2020-Aug-02 10:49:43.919 [39mDEBUG[0;39m [35m[main][0;39m org.hibernate.SQL.logStatement - create table Authorities (id integer generated by default as identity, Authority varchar(50) not null, UserID integer, primary key (id))
2020-Aug-02 10:49:43.921 [39mDEBUG[0;39m [35m[main][0;39m org.hibernate.SQL.logStatement - create table AuthorJoinBook (id integer generated by default as identity, AuthorID integer, BookID integer, primary key (id))
2020-Aug-02 10:49:43.922 [39mDEBUG[0;39m [35m[main][0;39m org.hibernate.SQL.logStatement - create table Book (Id integer generated by default as identity, PubblicationYear integer not null, CoverPhotoPath varchar(256) default '/assets/images/default-cover.png' not null, NumberOfPages integer not null, Synopsis varchar(2048) not null, Title varchar(64) not null, primary key (Id))
2020-Aug-02 10:49:43.924 [39mDEBUG[0;39m [35m[main][0;39m org.hibernate.SQL.logStatement - create table BookRanking (id integer generated by default as identity, BookRank integer not null, MyBooksID integer, primary key (id))
2020-Aug-02 10:49:43.926 [39mDEBUG[0;39m [35m[main][0;39m org.hibernate.SQL.logStatement - create table Genre (id integer generated by default as identity, Genre varchar(20) not null, primary key (id))
2020-Aug-02 10:49:43.928 [39mDEBUG[0;39m [35m[main][0;39m org.hibernate.SQL.logStatement - create table GenreJoinBook (id integer generated by default as identity, BookID integer, GenreID integer, primary key (id))
2020-Aug-02 10:49:43.929 [39mDEBUG[0;39m [35m[main][0;39m org.hibernate.SQL.logStatement - create table MyBooks (id integer generated by default as identity, ShelfType varchar(255) not null, BookID integer, UserID integer, primary key (id))
2020-Aug-02 10:49:43.931 [39mDEBUG[0;39m [35m[main][0;39m org.hibernate.SQL.logStatement - create table Prize (id integer generated by default as identity, PrizeName varchar(64) not null, YearAwarded integer not null, BookID integer, primary key (id))
2020-Aug-02 10:49:43.932 [39mDEBUG[0;39m [35m[main][0;39m org.hibernate.SQL.logStatement - create table Review (id integer generated by default as identity, ContainsSpoiler boolean default false not null, OriginalityRating integer default 3 not null, PageTurnerRating integer default 3 not null, OverallRating integer default 3 not null, text varchar(2048) not null, CreationDate timestamp not null, WritingQualityRating integer default 3 not null, BookID integer, UserID integer, primary key (id))
2020-Aug-02 10:49:43.934 [39mDEBUG[0;39m [35m[main][0;39m org.hibernate.SQL.logStatement - create table Saga (id integer generated by default as identity, NumberInSaga integer not null, SagaTitle varchar(64) not null, BookID integer, primary key (id))
2020-Aug-02 10:49:43.936 [39mDEBUG[0;39m [35m[main][0;39m org.hibernate.SQL.logStatement - create table UsefulReview (id integer generated by default as identity, ReviewID integer, UserID integer, primary key (id))
2020-Aug-02 10:49:43.939 [39mDEBUG[0;39m [35m[main][0;39m org.hibernate.SQL.logStatement - create table UsersInfo (id integer generated by default as identity, Description varchar(1024) not null, Email varchar(64) not null, Enabled boolean default true not null, Name varchar(20) not null, Password varchar(100) not null, ProfilePhotoPath varchar(256) default '/assets/images/default-profile.jpg' not null, Surname varchar(20) not null, Username varchar(50) not null, primary key (id))
2020-Aug-02 10:49:43.941 [39mDEBUG[0;39m [35m[main][0;39m org.hibernate.SQL.logStatement - alter table Author add constraint UK5tknxksn5xir42r34dydw0xbh unique (AuthorsFullname)
2020-Aug-02 10:49:43.946 [39mDEBUG[0;39m [35m[main][0;39m org.hibernate.SQL.logStatement - alter table Authorities add constraint UKmeli85yqk26h4rk5u08xkc4f6 unique (Authority, UserID)
2020-Aug-02 10:49:43.947 [39mDEBUG[0;39m [35m[main][0;39m org.hibernate.SQL.logStatement - alter table AuthorJoinBook add constraint UKf5ipq73yoouiac272xaeht1wf unique (AuthorID, BookID)
2020-Aug-02 10:49:43.948 [39mDEBUG[0;39m [35m[main][0;39m org.hibernate.SQL.logStatement - alter table Book add constraint UKjej8eouerg67durwpm23b5p1p unique (Title)
2020-Aug-02 10:49:43.950 [39mDEBUG[0;39m [35m[main][0;39m org.hibernate.SQL.logStatement - alter table BookRanking add constraint UK2qqi87p9paly6cir7cgvkxk8e unique (MyBooksID)
2020-Aug-02 10:49:43.951 [39mDEBUG[0;39m [35m[main][0;39m org.hibernate.SQL.logStatement - alter table Genre add constraint UKpsq0j6dyp0ev497s5gph4ixcr unique (Genre)
2020-Aug-02 10:49:43.952 [39mDEBUG[0;39m [35m[main][0;39m org.hibernate.SQL.logStatement - alter table GenreJoinBook add constraint UK6ojs9wsag7suv8ot6r0pw8d3o unique (BookID, GenreID)
2020-Aug-02 10:49:43.954 [39mDEBUG[0;39m [35m[main][0;39m org.hibernate.SQL.logStatement - alter table MyBooks add constraint UKajmbgsxhbhm9f8rhxl3fp8mxo unique (UserID, BookID)
2020-Aug-02 10:49:43.955 [39mDEBUG[0;39m [35m[main][0;39m org.hibernate.SQL.logStatement - alter table Prize add constraint UKngjiwxa1hcyvgtx8e9mnav0as unique (PrizeName, BookID)
2020-Aug-02 10:49:43.956 [39mDEBUG[0;39m [35m[main][0;39m org.hibernate.SQL.logStatement - alter table Prize add constraint UKkf4464n3eqtbfrvla3kndpex4 unique (YearAwarded, PrizeName)
2020-Aug-02 10:49:43.957 [39mDEBUG[0;39m [35m[main][0;39m org.hibernate.SQL.logStatement - alter table Saga add constraint UKctmupi8548g5akgavmo7373ej unique (NumberInSaga, SagaTitle)
2020-Aug-02 10:49:43.959 [39mDEBUG[0;39m [35m[main][0;39m org.hibernate.SQL.logStatement - alter table Saga add constraint UK3h4gwb3twc1j5yqj16i20w225 unique (BookID)
2020-Aug-02 10:49:43.960 [39mDEBUG[0;39m [35m[main][0;39m org.hibernate.SQL.logStatement - alter table UsefulReview add constraint UK8c72yxyntalaeklgiegvd08qg unique (UserID, ReviewID)
2020-Aug-02 10:49:43.962 [39mDEBUG[0;39m [35m[main][0;39m org.hibernate.SQL.logStatement - alter table UsersInfo add constraint UKgfp4r0we47nq8vyephqpmdobe unique (Username)
2020-Aug-02 10:49:43.962 [39mDEBUG[0;39m [35m[main][0;39m org.hibernate.SQL.logStatement - alter table UsersInfo add constraint UKn2xo7psdtqy61s04d7wdio08s unique (Email)
2020-Aug-02 10:49:43.964 [39mDEBUG[0;39m [35m[main][0;39m org.hibernate.SQL.logStatement - alter table Authorities add constraint FK2j8f9r941w0pfnix4vanj3o83 foreign key (UserID) references UsersInfo
2020-Aug-02 10:49:43.973 [39mDEBUG[0;39m [35m[main][0;39m org.hibernate.SQL.logStatement - alter table AuthorJoinBook add constraint FKt12i406qtqka9e074dq1xqc5 foreign key (AuthorID) references Author
2020-Aug-02 10:49:43.976 [39mDEBUG[0;39m [35m[main][0;39m org.hibernate.SQL.logStatement - alter table AuthorJoinBook add constraint FKb44snxx6mif4m3t068tnxlb1u foreign key (BookID) references Book
2020-Aug-02 10:49:43.978 [39mDEBUG[0;39m [35m[main][0;39m org.hibernate.SQL.logStatement - alter table BookRanking add constraint FKbofph4c8tg9v9bkd7ds0ln25s foreign key (MyBooksID) references MyBooks
2020-Aug-02 10:49:43.980 [39mDEBUG[0;39m [35m[main][0;39m org.hibernate.SQL.logStatement - alter table GenreJoinBook add constraint FK85qpuha3avt180hofb6w7s6sk foreign key (BookID) references Book
2020-Aug-02 10:49:43.981 [39mDEBUG[0;39m [35m[main][0;39m org.hibernate.SQL.logStatement - alter table GenreJoinBook add constraint FK3tp0puuqcbd1pycxshrj06shb foreign key (GenreID) references Genre
2020-Aug-02 10:49:43.983 [39mDEBUG[0;39m [35m[main][0;39m org.hibernate.SQL.logStatement - alter table MyBooks add constraint FKh3b1btush0y7jb27vrrnx51l foreign key (BookID) references Book
2020-Aug-02 10:49:43.986 [39mDEBUG[0;39m [35m[main][0;39m org.hibernate.SQL.logStatement - alter table MyBooks add constraint FKahs4ysy66blnn373d6bnx83xe foreign key (UserID) references UsersInfo
2020-Aug-02 10:49:43.989 [39mDEBUG[0;39m [35m[main][0;39m org.hibernate.SQL.logStatement - alter table Prize add constraint FK66s9l2ul4s0yeboq7b438j4ss foreign key (BookID) references Book
2020-Aug-02 10:49:43.990 [39mDEBUG[0;39m [35m[main][0;39m org.hibernate.SQL.logStatement - alter table Review add constraint FKacsvfkemcu4rqx8kjsspubmw1 foreign key (BookID) references Book
2020-Aug-02 10:49:43.992 [39mDEBUG[0;39m [35m[main][0;39m org.hibernate.SQL.logStatement - alter table Review add constraint FK5pdnvmhkvlwtg87cnxxex7l6r foreign key (UserID) references UsersInfo
2020-Aug-02 10:49:43.994 [39mDEBUG[0;39m [35m[main][0;39m org.hibernate.SQL.logStatement - alter table Saga add constraint FK2mrpopqwbewxwffepwonscu9k foreign key (BookID) references Book
2020-Aug-02 10:49:43.995 [39mDEBUG[0;39m [35m[main][0;39m org.hibernate.SQL.logStatement - alter table UsefulReview add constraint FK5aq4e7gasqwji0ex4w1oa7v7y foreign key (ReviewID) references Review
2020-Aug-02 10:49:43.997 [39mDEBUG[0;39m [35m[main][0;39m org.hibernate.SQL.logStatement - alter table UsefulReview add constraint FK43s5x64qs47g55v4cs4r3vigo foreign key (UserID) references UsersInfo
2020-Aug-02 10:49:44.839 [31mWARN [0;39m [35m[main][0;39m o.s.b.a.o.j.JpaBaseConfiguration$JpaWebConfiguration.openEntityManagerInViewInterceptor - spring.jpa.open-in-view is enabled by default. Therefore, database queries may be performed during view rendering. Explicitly configure spring.jpa.open-in-view to disable this warning
2020-Aug-02 10:49:47.727 [39mDEBUG[0;39m [35m[main][0;39m org.hibernate.SQL.logStatement - select usersinfo0_.id as id1_12_, usersinfo0_.Description as Descript2_12_, usersinfo0_.Email as Email3_12_, usersinfo0_.Enabled as Enabled4_12_, usersinfo0_.Name as Name5_12_, usersinfo0_.Password as Password6_12_, usersinfo0_.ProfilePhotoPath as ProfileP7_12_, usersinfo0_.Surname as Surname8_12_, usersinfo0_.Username as Username9_12_ from UsersInfo usersinfo0_ where usersinfo0_.Username=?
2020-Aug-02 10:49:47.765 [39mDEBUG[0;39m [35m[main][0;39m org.hibernate.SQL.logStatement - select authoritie0_.id as id1_1_, authoritie0_.Authority as Authorit2_1_, authoritie0_.UserID as UserID3_1_ from Authorities authoritie0_ where authoritie0_.UserID=?
2020-Aug-02 10:49:47.825 [39mDEBUG[0;39m [35m[main][0;39m org.hibernate.SQL.logStatement - select mybooks0_.id as col_0_0_, libro1_.Title as col_1_0_ from MyBooks mybooks0_ inner join Book libro1_ on (mybooks0_.BookID=libro1_.Id) where mybooks0_.ShelfType='read' and mybooks0_.UserID=? and (mybooks0_.id not in  (select bookrankin2_.MyBooksID from BookRanking bookrankin2_))
2020-Aug-02 10:49:47.923 [39mDEBUG[0;39m [35m[main][0;39m org.hibernate.SQL.logStatement - select usersinfo0_.id as id1_12_, usersinfo0_.Description as Descript2_12_, usersinfo0_.Email as Email3_12_, usersinfo0_.Enabled as Enabled4_12_, usersinfo0_.Name as Name5_12_, usersinfo0_.Password as Password6_12_, usersinfo0_.ProfilePhotoPath as ProfileP7_12_, usersinfo0_.Surname as Surname8_12_, usersinfo0_.Username as Username9_12_ from UsersInfo usersinfo0_ where usersinfo0_.Username=?
2020-Aug-02 10:49:47.924 [39mDEBUG[0;39m [35m[main][0;39m org.hibernate.SQL.logStatement - select authoritie0_.id as id1_1_, authoritie0_.Authority as Authorit2_1_, authoritie0_.UserID as UserID3_1_ from Authorities authoritie0_ where authoritie0_.UserID=?
2020-Aug-02 10:49:47.934 [39mDEBUG[0;39m [35m[main][0;39m org.hibernate.SQL.logStatement - select mybooks0_.id as col_0_0_, libro1_.Title as col_1_0_ from MyBooks mybooks0_ inner join Book libro1_ on (mybooks0_.BookID=libro1_.Id) where mybooks0_.ShelfType='read' and mybooks0_.UserID=? and (mybooks0_.id not in  (select bookrankin2_.MyBooksID from BookRanking bookrankin2_))
2020-Aug-02 10:49:47.968 [39mDEBUG[0;39m [35m[main][0;39m org.hibernate.SQL.logStatement - select mybooks0_.id as col_0_0_, libro1_.Id as col_1_0_, libro1_.Title as col_2_0_, mybooks0_.ShelfType as col_3_0_, mybooks0_.UserID as col_4_0_, avg(cast(recensione2_.OverallRating as double)) as col_5_0_ from MyBooks mybooks0_ inner join Book libro1_ on (mybooks0_.BookID=libro1_.Id) left outer join Review recensione2_ on (recensione2_.BookID=libro1_.Id) where mybooks0_.UserID=? group by mybooks0_.id , libro1_.Id , libro1_.Title , mybooks0_.ShelfType , mybooks0_.UserID
2020-Aug-02 10:49:47.981 [39mDEBUG[0;39m [35m[main][0;39m org.hibernate.SQL.logStatement - select genre0_.Genre as col_0_0_ from Genre genre0_ inner join GenreJoinBook genrejoinb1_ on genre0_.id=genrejoinb1_.GenreID where genrejoinb1_.BookID=?
2020-Aug-02 10:49:47.983 [39mDEBUG[0;39m [35m[main][0;39m org.hibernate.SQL.logStatement - select author0_.Id as col_0_0_, author0_.AuthorsFullname as col_1_0_ from Author author0_ inner join AuthorJoinBook authorjoin1_ on author0_.Id=authorjoin1_.AuthorID where authorjoin1_.BookID=?
2020-Aug-02 10:49:47.985 [39mDEBUG[0;39m [35m[main][0;39m org.hibernate.SQL.logStatement - select libro0_.CoverPhotoPath as col_0_0_ from Book libro0_ where libro0_.Id=?
2020-Aug-02 10:49:47.987 [39mDEBUG[0;39m [35m[main][0;39m org.hibernate.SQL.logStatement - select genre0_.Genre as col_0_0_ from Genre genre0_ inner join GenreJoinBook genrejoinb1_ on genre0_.id=genrejoinb1_.GenreID where genrejoinb1_.BookID=?
2020-Aug-02 10:49:47.988 [39mDEBUG[0;39m [35m[main][0;39m org.hibernate.SQL.logStatement - select author0_.Id as col_0_0_, author0_.AuthorsFullname as col_1_0_ from Author author0_ inner join AuthorJoinBook authorjoin1_ on author0_.Id=authorjoin1_.AuthorID where authorjoin1_.BookID=?
2020-Aug-02 10:49:47.989 [39mDEBUG[0;39m [35m[main][0;39m org.hibernate.SQL.logStatement - select libro0_.CoverPhotoPath as col_0_0_ from Book libro0_ where libro0_.Id=?
2020-Aug-02 10:49:48.012 [39mDEBUG[0;39m [35m[main][0;39m org.hibernate.SQL.logStatement - select usersinfo0_.id as id1_12_, usersinfo0_.Description as Descript2_12_, usersinfo0_.Email as Email3_12_, usersinfo0_.Enabled as Enabled4_12_, usersinfo0_.Name as Name5_12_, usersinfo0_.Password as Password6_12_, usersinfo0_.ProfilePhotoPath as ProfileP7_12_, usersinfo0_.Surname as Surname8_12_, usersinfo0_.Username as Username9_12_ from UsersInfo usersinfo0_ where usersinfo0_.Username=?
2020-Aug-02 10:49:48.013 [39mDEBUG[0;39m [35m[main][0;39m org.hibernate.SQL.logStatement - select authoritie0_.id as id1_1_, authoritie0_.Authority as Authorit2_1_, authoritie0_.UserID as UserID3_1_ from Authorities authoritie0_ where authoritie0_.UserID=?
2020-Aug-02 10:49:48.026 [39mDEBUG[0;39m [35m[main][0;39m org.hibernate.SQL.logStatement - select mybooks0_.id as id1_7_, mybooks0_.ShelfType as ShelfTyp2_7_, mybooks0_.BookID as BookID3_7_, mybooks0_.UserID as UserID4_7_ from MyBooks mybooks0_ where mybooks0_.UserID=? and mybooks0_.BookID=?
2020-Aug-02 10:49:48.037 [39mDEBUG[0;39m [35m[main][0;39m org.hibernate.SQL.logStatement - select usersinfo0_.id as id1_12_0_, usersinfo0_.Description as Descript2_12_0_, usersinfo0_.Email as Email3_12_0_, usersinfo0_.Enabled as Enabled4_12_0_, usersinfo0_.Name as Name5_12_0_, usersinfo0_.Password as Password6_12_0_, usersinfo0_.ProfilePhotoPath as ProfileP7_12_0_, usersinfo0_.Surname as Surname8_12_0_, usersinfo0_.Username as Username9_12_0_ from UsersInfo usersinfo0_ where usersinfo0_.id=?
2020-Aug-02 10:49:48.047 [39mDEBUG[0;39m [35m[main][0;39m org.hibernate.SQL.logStatement - select libro0_.Id as Id1_3_0_, libro0_.PubblicationYear as Pubblica2_3_0_, libro0_.CoverPhotoPath as CoverPho3_3_0_, libro0_.NumberOfPages as NumberOf4_3_0_, libro0_.Synopsis as Synopsis5_3_0_, libro0_.Title as Title6_3_0_ from Book libro0_ where libro0_.Id=?
2020-Aug-02 10:49:48.051 [39mDEBUG[0;39m [35m[main][0;39m org.hibernate.SQL.logStatement - select saga0_.id as id1_10_0_, saga0_.BookID as BookID4_10_0_, saga0_.NumberInSaga as NumberIn2_10_0_, saga0_.SagaTitle as SagaTitl3_10_0_ from Saga saga0_ where saga0_.BookID=?
2020-Aug-02 10:49:48.080 [39mDEBUG[0;39m [35m[main][0;39m org.hibernate.SQL.logStatement - insert into MyBooks (id, ShelfType, BookID, UserID) values (null, ?, ?, ?)
2020-Aug-02 10:49:48.119 [39mDEBUG[0;39m [35m[main][0;39m org.hibernate.SQL.logStatement - select usersinfo0_.id as id1_12_, usersinfo0_.Description as Descript2_12_, usersinfo0_.Email as Email3_12_, usersinfo0_.Enabled as Enabled4_12_, usersinfo0_.Name as Name5_12_, usersinfo0_.Password as Password6_12_, usersinfo0_.ProfilePhotoPath as ProfileP7_12_, usersinfo0_.Surname as Surname8_12_, usersinfo0_.Username as Username9_12_ from UsersInfo usersinfo0_ where usersinfo0_.Username=?
2020-Aug-02 10:49:48.121 [39mDEBUG[0;39m [35m[main][0;39m org.hibernate.SQL.logStatement - select authoritie0_.id as id1_1_, authoritie0_.Authority as Authorit2_1_, authoritie0_.UserID as UserID3_1_ from Authorities authoritie0_ where authoritie0_.UserID=?
2020-Aug-02 10:49:48.126 [39mDEBUG[0;39m [35m[main][0;39m org.hibernate.SQL.logStatement - select mybooks0_.id as id1_7_, mybooks0_.ShelfType as ShelfTyp2_7_, mybooks0_.BookID as BookID3_7_, mybooks0_.UserID as UserID4_7_ from MyBooks mybooks0_ where mybooks0_.UserID=? and mybooks0_.BookID=?
2020-Aug-02 10:49:48.127 [39mDEBUG[0;39m [35m[main][0;39m org.hibernate.SQL.logStatement - select usersinfo0_.id as id1_12_0_, usersinfo0_.Description as Descript2_12_0_, usersinfo0_.Email as Email3_12_0_, usersinfo0_.Enabled as Enabled4_12_0_, usersinfo0_.Name as Name5_12_0_, usersinfo0_.Password as Password6_12_0_, usersinfo0_.ProfilePhotoPath as ProfileP7_12_0_, usersinfo0_.Surname as Surname8_12_0_, usersinfo0_.Username as Username9_12_0_ from UsersInfo usersinfo0_ where usersinfo0_.id=?
2020-Aug-02 10:49:48.129 [39mDEBUG[0;39m [35m[main][0;39m org.hibernate.SQL.logStatement - select libro0_.Id as Id1_3_0_, libro0_.PubblicationYear as Pubblica2_3_0_, libro0_.CoverPhotoPath as CoverPho3_3_0_, libro0_.NumberOfPages as NumberOf4_3_0_, libro0_.Synopsis as Synopsis5_3_0_, libro0_.Title as Title6_3_0_ from Book libro0_ where libro0_.Id=?
2020-Aug-02 10:49:48.223 [39mDEBUG[0;39m [35m[main][0;39m org.hibernate.SQL.logStatement - select usersinfo0_.id as id1_12_, usersinfo0_.Description as Descript2_12_, usersinfo0_.Email as Email3_12_, usersinfo0_.Enabled as Enabled4_12_, usersinfo0_.Name as Name5_12_, usersinfo0_.Password as Password6_12_, usersinfo0_.ProfilePhotoPath as ProfileP7_12_, usersinfo0_.Surname as Surname8_12_, usersinfo0_.Username as Username9_12_ from UsersInfo usersinfo0_ where usersinfo0_.Username=?
2020-Aug-02 10:49:48.225 [39mDEBUG[0;39m [35m[main][0;39m org.hibernate.SQL.logStatement - select authoritie0_.id as id1_1_, authoritie0_.Authority as Authorit2_1_, authoritie0_.UserID as UserID3_1_ from Authorities authoritie0_ where authoritie0_.UserID=?
2020-Aug-02 10:49:48.230 [39mDEBUG[0;39m [35m[main][0;39m org.hibernate.SQL.logStatement - select mybooks0_.id as id1_7_, mybooks0_.ShelfType as ShelfTyp2_7_, mybooks0_.BookID as BookID3_7_, mybooks0_.UserID as UserID4_7_ from MyBooks mybooks0_ where mybooks0_.UserID=? and mybooks0_.BookID=?
2020-Aug-02 10:49:48.243 [39mDEBUG[0;39m [35m[main][0;39m org.hibernate.SQL.logStatement - select bookrankin0_.id as id1_4_0_, bookrankin0_.BookRank as BookRank2_4_0_, bookrankin0_.MyBooksID as MyBooksI3_4_0_ from BookRanking bookrankin0_ where bookrankin0_.MyBooksID=?
2020-Aug-02 10:49:48.257 [39mDEBUG[0;39m [35m[main][0;39m org.hibernate.SQL.logStatement - select usersinfo0_.id as id1_12_, usersinfo0_.Description as Descript2_12_, usersinfo0_.Email as Email3_12_, usersinfo0_.Enabled as Enabled4_12_, usersinfo0_.Name as Name5_12_, usersinfo0_.Password as Password6_12_, usersinfo0_.ProfilePhotoPath as ProfileP7_12_, usersinfo0_.Surname as Surname8_12_, usersinfo0_.Username as Username9_12_ from UsersInfo usersinfo0_ where usersinfo0_.Username=?
2020-Aug-02 10:49:48.258 [39mDEBUG[0;39m [35m[main][0;39m org.hibernate.SQL.logStatement - select authoritie0_.id as id1_1_, authoritie0_.Authority as Authorit2_1_, authoritie0_.UserID as UserID3_1_ from Authorities authoritie0_ where authoritie0_.UserID=?
2020-Aug-02 10:49:48.262 [39mDEBUG[0;39m [35m[main][0;39m org.hibernate.SQL.logStatement - select mybooks0_.id as id1_7_, mybooks0_.ShelfType as ShelfTyp2_7_, mybooks0_.BookID as BookID3_7_, mybooks0_.UserID as UserID4_7_ from MyBooks mybooks0_ where mybooks0_.UserID=? and mybooks0_.BookID=?
2020-Aug-02 10:49:48.263 [39mDEBUG[0;39m [35m[main][0;39m org.hibernate.SQL.logStatement - select usersinfo0_.id as id1_12_0_, usersinfo0_.Description as Descript2_12_0_, usersinfo0_.Email as Email3_12_0_, usersinfo0_.Enabled as Enabled4_12_0_, usersinfo0_.Name as Name5_12_0_, usersinfo0_.Password as Password6_12_0_, usersinfo0_.ProfilePhotoPath as ProfileP7_12_0_, usersinfo0_.Surname as Surname8_12_0_, usersinfo0_.Username as Username9_12_0_ from UsersInfo usersinfo0_ where usersinfo0_.id=?
2020-Aug-02 10:49:48.282 [39mDEBUG[0;39m [35m[main][0;39m org.hibernate.SQL.logStatement - select usersinfo0_.id as id1_12_, usersinfo0_.Description as Descript2_12_, usersinfo0_.Email as Email3_12_, usersinfo0_.Enabled as Enabled4_12_, usersinfo0_.Name as Name5_12_, usersinfo0_.Password as Password6_12_, usersinfo0_.ProfilePhotoPath as ProfileP7_12_, usersinfo0_.Surname as Surname8_12_, usersinfo0_.Username as Username9_12_ from UsersInfo usersinfo0_ where usersinfo0_.Username=?
2020-Aug-02 10:49:48.283 [39mDEBUG[0;39m [35m[main][0;39m org.hibernate.SQL.logStatement - select authoritie0_.id as id1_1_, authoritie0_.Authority as Authorit2_1_, authoritie0_.UserID as UserID3_1_ from Authorities authoritie0_ where authoritie0_.UserID=?
2020-Aug-02 10:49:48.291 [39mDEBUG[0;39m [35m[main][0;39m org.hibernate.SQL.logStatement - select mybooks0_.id as id1_7_, mybooks0_.ShelfType as ShelfTyp2_7_, mybooks0_.BookID as BookID3_7_, mybooks0_.UserID as UserID4_7_ from MyBooks mybooks0_ where mybooks0_.UserID=? and mybooks0_.BookID=?
2020-Aug-02 10:49:48.293 [39mDEBUG[0;39m [35m[main][0;39m org.hibernate.SQL.logStatement - select bookrankin0_.id as id1_4_0_, bookrankin0_.BookRank as BookRank2_4_0_, bookrankin0_.MyBooksID as MyBooksI3_4_0_ from BookRanking bookrankin0_ where bookrankin0_.MyBooksID=?
2020-Aug-02 10:49:48.306 [39mDEBUG[0;39m [35m[main][0;39m org.hibernate.SQL.logStatement - update MyBooks set ShelfType=?, BookID=?, UserID=? where id=?
2020-Aug-02 10:49:48.310 [39mDEBUG[0;39m [35m[main][0;39m org.hibernate.SQL.logStatement - select bookrankin0_.id as id1_4_, bookrankin0_.BookRank as BookRank2_4_, bookrankin0_.MyBooksID as MyBooksI3_4_ from BookRanking bookrankin0_ inner join MyBooks mybooks1_ on (bookrankin0_.MyBooksID=mybooks1_.id) where mybooks1_.id=?
2020-Aug-02 10:49:48.316 [39mDEBUG[0;39m [35m[main][0;39m org.hibernate.SQL.logStatement - select usersinfo0_.id as id1_12_0_, usersinfo0_.Description as Descript2_12_0_, usersinfo0_.Email as Email3_12_0_, usersinfo0_.Enabled as Enabled4_12_0_, usersinfo0_.Name as Name5_12_0_, usersinfo0_.Password as Password6_12_0_, usersinfo0_.ProfilePhotoPath as ProfileP7_12_0_, usersinfo0_.Surname as Surname8_12_0_, usersinfo0_.Username as Username9_12_0_ from UsersInfo usersinfo0_ where usersinfo0_.id=?
2020-Aug-02 10:49:48.319 [39mDEBUG[0;39m [35m[main][0;39m org.hibernate.SQL.logStatement - select bookrankin0_.id as id1_4_, bookrankin0_.BookRank as BookRank2_4_, bookrankin0_.MyBooksID as MyBooksI3_4_ from BookRanking bookrankin0_ inner join MyBooks mybooks1_ on (bookrankin0_.MyBooksID=mybooks1_.id) where mybooks1_.UserID=? order by bookrankin0_.BookRank ASC
2020-Aug-02 10:49:48.322 [39mDEBUG[0;39m [35m[main][0;39m org.hibernate.SQL.logStatement - select mybooks1_.UserID as col_0_0_ from BookRanking bookrankin0_ inner join MyBooks mybooks1_ on (bookrankin0_.MyBooksID=mybooks1_.id) where bookrankin0_.id=?
2020-Aug-02 10:49:48.364 [39mDEBUG[0;39m [35m[main][0;39m org.hibernate.SQL.logStatement - delete from BookRanking where id=?
2020-Aug-02 10:49:48.369 [39mDEBUG[0;39m [35m[main][0;39m org.hibernate.SQL.logStatement - select bookrankin0_.id as col_0_0_, bookrankin0_.BookRank as col_1_0_, libro2_.Id as col_2_0_, libro2_.Title as col_3_0_ from BookRanking bookrankin0_ inner join MyBooks mybooks1_ on (bookrankin0_.MyBooksID=mybooks1_.id) inner join Book libro2_ on mybooks1_.BookID=libro2_.Id where mybooks1_.UserID=? order by bookrankin0_.BookRank ASC
2020-Aug-02 10:49:48.383 [39mDEBUG[0;39m [35m[main][0;39m org.hibernate.SQL.logStatement - select usersinfo0_.id as id1_12_, usersinfo0_.Description as Descript2_12_, usersinfo0_.Email as Email3_12_, usersinfo0_.Enabled as Enabled4_12_, usersinfo0_.Name as Name5_12_, usersinfo0_.Password as Password6_12_, usersinfo0_.ProfilePhotoPath as ProfileP7_12_, usersinfo0_.Surname as Surname8_12_, usersinfo0_.Username as Username9_12_ from UsersInfo usersinfo0_ where usersinfo0_.Username=?
2020-Aug-02 10:49:48.384 [39mDEBUG[0;39m [35m[main][0;39m org.hibernate.SQL.logStatement - select authoritie0_.id as id1_1_, authoritie0_.Authority as Authorit2_1_, authoritie0_.UserID as UserID3_1_ from Authorities authoritie0_ where authoritie0_.UserID=?
2020-Aug-02 10:49:48.387 [39mDEBUG[0;39m [35m[main][0;39m org.hibernate.SQL.logStatement - select mybooks0_.id as id1_7_, mybooks0_.ShelfType as ShelfTyp2_7_, mybooks0_.BookID as BookID3_7_, mybooks0_.UserID as UserID4_7_ from MyBooks mybooks0_ where mybooks0_.UserID=? and mybooks0_.BookID=?
2020-Aug-02 10:49:48.399 [39mDEBUG[0;39m [35m[main][0;39m org.hibernate.SQL.logStatement - select usersinfo0_.id as id1_12_, usersinfo0_.Description as Descript2_12_, usersinfo0_.Email as Email3_12_, usersinfo0_.Enabled as Enabled4_12_, usersinfo0_.Name as Name5_12_, usersinfo0_.Password as Password6_12_, usersinfo0_.ProfilePhotoPath as ProfileP7_12_, usersinfo0_.Surname as Surname8_12_, usersinfo0_.Username as Username9_12_ from UsersInfo usersinfo0_ where usersinfo0_.Username=?
2020-Aug-02 10:49:48.401 [39mDEBUG[0;39m [35m[main][0;39m org.hibernate.SQL.logStatement - select authoritie0_.id as id1_1_, authoritie0_.Authority as Authorit2_1_, authoritie0_.UserID as UserID3_1_ from Authorities authoritie0_ where authoritie0_.UserID=?
2020-Aug-02 10:49:48.404 [39mDEBUG[0;39m [35m[main][0;39m org.hibernate.SQL.logStatement - select mybooks0_.id as id1_7_, mybooks0_.ShelfType as ShelfTyp2_7_, mybooks0_.BookID as BookID3_7_, mybooks0_.UserID as UserID4_7_ from MyBooks mybooks0_ where mybooks0_.UserID=? and mybooks0_.BookID=?
2020-Aug-02 10:49:48.405 [39mDEBUG[0;39m [35m[main][0;39m org.hibernate.SQL.logStatement - select bookrankin0_.id as id1_4_0_, bookrankin0_.BookRank as BookRank2_4_0_, bookrankin0_.MyBooksID as MyBooksI3_4_0_ from BookRanking bookrankin0_ where bookrankin0_.MyBooksID=?
2020-Aug-02 10:49:48.407 [39mDEBUG[0;39m [35m[main][0;39m org.hibernate.SQL.logStatement - update MyBooks set ShelfType=?, BookID=?, UserID=? where id=?
2020-Aug-02 10:49:48.425 [39mDEBUG[0;39m [35m[main][0;39m org.hibernate.SQL.logStatement - select usersinfo0_.id as id1_12_, usersinfo0_.Description as Descript2_12_, usersinfo0_.Email as Email3_12_, usersinfo0_.Enabled as Enabled4_12_, usersinfo0_.Name as Name5_12_, usersinfo0_.Password as Password6_12_, usersinfo0_.ProfilePhotoPath as ProfileP7_12_, usersinfo0_.Surname as Surname8_12_, usersinfo0_.Username as Username9_12_ from UsersInfo usersinfo0_ where usersinfo0_.Username=?
2020-Aug-02 10:49:48.427 [39mDEBUG[0;39m [35m[main][0;39m org.hibernate.SQL.logStatement - select authoritie0_.id as id1_1_, authoritie0_.Authority as Authorit2_1_, authoritie0_.UserID as UserID3_1_ from Authorities authoritie0_ where authoritie0_.UserID=?
2020-Aug-02 10:49:48.435 [39mDEBUG[0;39m [35m[main][0;39m org.hibernate.SQL.logStatement - select mybooks0_.id as id1_7_, mybooks0_.ShelfType as ShelfTyp2_7_, mybooks0_.BookID as BookID3_7_, mybooks0_.UserID as UserID4_7_ from MyBooks mybooks0_ where mybooks0_.UserID=? and mybooks0_.BookID=?
2020-Aug-02 10:49:48.437 [39mDEBUG[0;39m [35m[main][0;39m org.hibernate.SQL.logStatement - select bookrankin0_.id as id1_4_0_, bookrankin0_.BookRank as BookRank2_4_0_, bookrankin0_.MyBooksID as MyBooksI3_4_0_ from BookRanking bookrankin0_ where bookrankin0_.MyBooksID=?
2020-Aug-02 10:49:48.438 [39mDEBUG[0;39m [35m[main][0;39m org.hibernate.SQL.logStatement - select bookrankin0_.id as id1_4_, bookrankin0_.BookRank as BookRank2_4_, bookrankin0_.MyBooksID as MyBooksI3_4_ from BookRanking bookrankin0_ inner join MyBooks mybooks1_ on (bookrankin0_.MyBooksID=mybooks1_.id) where mybooks1_.id=?
2020-Aug-02 10:49:48.440 [39mDEBUG[0;39m [35m[main][0;39m org.hibernate.SQL.logStatement - delete from MyBooks where id=?
2020-Aug-02 10:49:48.487 [39mDEBUG[0;39m [35m[main][0;39m org.hibernate.SQL.logStatement - select usersinfo0_.id as id1_12_, usersinfo0_.Description as Descript2_12_, usersinfo0_.Email as Email3_12_, usersinfo0_.Enabled as Enabled4_12_, usersinfo0_.Name as Name5_12_, usersinfo0_.Password as Password6_12_, usersinfo0_.ProfilePhotoPath as ProfileP7_12_, usersinfo0_.Surname as Surname8_12_, usersinfo0_.Username as Username9_12_ from UsersInfo usersinfo0_ where usersinfo0_.Username=?
2020-Aug-02 10:49:48.488 [39mDEBUG[0;39m [35m[main][0;39m org.hibernate.SQL.logStatement - select authoritie0_.id as id1_1_, authoritie0_.Authority as Authorit2_1_, authoritie0_.UserID as UserID3_1_ from Authorities authoritie0_ where authoritie0_.UserID=?
2020-Aug-02 10:49:48.492 [39mDEBUG[0;39m [35m[main][0;39m org.hibernate.SQL.logStatement - select mybooks0_.id as id1_7_, mybooks0_.ShelfType as ShelfTyp2_7_, mybooks0_.BookID as BookID3_7_, mybooks0_.UserID as UserID4_7_ from MyBooks mybooks0_ where mybooks0_.UserID=? and mybooks0_.BookID=?
2020-Aug-02 10:49:48.493 [39mDEBUG[0;39m [35m[main][0;39m org.hibernate.SQL.logStatement - select bookrankin0_.id as id1_4_0_, bookrankin0_.BookRank as BookRank2_4_0_, bookrankin0_.MyBooksID as MyBooksI3_4_0_ from BookRanking bookrankin0_ where bookrankin0_.MyBooksID=?
2020-Aug-02 10:49:48.494 [39mDEBUG[0;39m [35m[main][0;39m org.hibernate.SQL.logStatement - select bookrankin0_.id as id1_4_, bookrankin0_.BookRank as BookRank2_4_, bookrankin0_.MyBooksID as MyBooksI3_4_ from BookRanking bookrankin0_ inner join MyBooks mybooks1_ on (bookrankin0_.MyBooksID=mybooks1_.id) where mybooks1_.id=?
2020-Aug-02 10:49:48.495 [39mDEBUG[0;39m [35m[main][0;39m org.hibernate.SQL.logStatement - delete from MyBooks where id=?
2020-Aug-02 10:49:48.522 [39mDEBUG[0;39m [35m[SpringContextShutdownHook][0;39m org.hibernate.SQL.logStatement - drop table Author if exists
2020-Aug-02 10:49:48.524 [1;31mERROR[0;39m [35m[SpringContextShutdownHook][0;39m o.h.e.jdbc.spi.SqlExceptionHelper.logExceptions - Database is already closed (to disable automatic closing at VM shutdown, add ";DB_CLOSE_ON_EXIT=FALSE" to the db URL) [90121-200]
2020-Aug-02 10:49:48.525 [1;31mERROR[0;39m [35m[SpringContextShutdownHook][0;39m o.h.e.jdbc.spi.SqlExceptionHelper.logExceptions - Database is already closed (to disable automatic closing at VM shutdown, add ";DB_CLOSE_ON_EXIT=FALSE" to the db URL) [90121-200]
2020-Aug-02 10:49:48.525 [31mWARN [0;39m [35m[SpringContextShutdownHook][0;39m o.s.b.f.s.DisposableBeanAdapter.destroy - Invocation of destroy method failed on bean with name 'entityManagerFactory': org.hibernate.exception.JDBCConnectionException: Unable to release JDBC Connection used for DDL execution
2020-Aug-02 10:51:44.866 [39mDEBUG[0;39m [35m[main][0;39m org.hibernate.SQL.logStatement - drop table Author if exists
2020-Aug-02 10:51:44.877 [39mDEBUG[0;39m [35m[main][0;39m org.hibernate.SQL.logStatement - drop table Authorities if exists
2020-Aug-02 10:51:44.878 [39mDEBUG[0;39m [35m[main][0;39m org.hibernate.SQL.logStatement - drop table AuthorJoinBook if exists
2020-Aug-02 10:51:44.879 [39mDEBUG[0;39m [35m[main][0;39m org.hibernate.SQL.logStatement - drop table Book if exists
2020-Aug-02 10:51:44.882 [39mDEBUG[0;39m [35m[main][0;39m org.hibernate.SQL.logStatement - drop table BookRanking if exists
2020-Aug-02 10:51:44.884 [39mDEBUG[0;39m [35m[main][0;39m org.hibernate.SQL.logStatement - drop table Genre if exists
2020-Aug-02 10:51:44.885 [39mDEBUG[0;39m [35m[main][0;39m org.hibernate.SQL.logStatement - drop table GenreJoinBook if exists
2020-Aug-02 10:51:44.887 [39mDEBUG[0;39m [35m[main][0;39m org.hibernate.SQL.logStatement - drop table MyBooks if exists
2020-Aug-02 10:51:44.890 [39mDEBUG[0;39m [35m[main][0;39m org.hibernate.SQL.logStatement - drop table Prize if exists
2020-Aug-02 10:51:44.891 [39mDEBUG[0;39m [35m[main][0;39m org.hibernate.SQL.logStatement - drop table Review if exists
2020-Aug-02 10:51:44.893 [39mDEBUG[0;39m [35m[main][0;39m org.hibernate.SQL.logStatement - drop table Saga if exists
2020-Aug-02 10:51:44.894 [39mDEBUG[0;39m [35m[main][0;39m org.hibernate.SQL.logStatement - drop table UsefulReview if exists
2020-Aug-02 10:51:44.896 [39mDEBUG[0;39m [35m[main][0;39m org.hibernate.SQL.logStatement - drop table UsersInfo if exists
2020-Aug-02 10:51:44.905 [39mDEBUG[0;39m [35m[main][0;39m org.hibernate.SQL.logStatement - create table Author (Id integer generated by default as identity, AuthorsFullname varchar(50) not null, AuthorsPhotoPath varchar(256) default '/assets/images/default-profile.jpg' not null, Biography varchar(4000) not null, BirthYear integer not null, DeathYear integer, primary key (Id))
2020-Aug-02 10:51:44.929 [39mDEBUG[0;39m [35m[main][0;39m org.hibernate.SQL.logStatement - create table Authorities (id integer generated by default as identity, Authority varchar(50) not null, UserID integer, primary key (id))
2020-Aug-02 10:51:44.932 [39mDEBUG[0;39m [35m[main][0;39m org.hibernate.SQL.logStatement - create table AuthorJoinBook (id integer generated by default as identity, AuthorID integer, BookID integer, primary key (id))
2020-Aug-02 10:51:44.936 [39mDEBUG[0;39m [35m[main][0;39m org.hibernate.SQL.logStatement - create table Book (Id integer generated by default as identity, PubblicationYear integer not null, CoverPhotoPath varchar(256) default '/assets/images/default-cover.png' not null, NumberOfPages integer not null, Synopsis varchar(2048) not null, Title varchar(64) not null, primary key (Id))
2020-Aug-02 10:51:44.940 [39mDEBUG[0;39m [35m[main][0;39m org.hibernate.SQL.logStatement - create table BookRanking (id integer generated by default as identity, BookRank integer not null, MyBooksID integer, primary key (id))
2020-Aug-02 10:51:44.942 [39mDEBUG[0;39m [35m[main][0;39m org.hibernate.SQL.logStatement - create table Genre (id integer generated by default as identity, Genre varchar(20) not null, primary key (id))
2020-Aug-02 10:51:44.944 [39mDEBUG[0;39m [35m[main][0;39m org.hibernate.SQL.logStatement - create table GenreJoinBook (id integer generated by default as identity, BookID integer, GenreID integer, primary key (id))
2020-Aug-02 10:51:44.947 [39mDEBUG[0;39m [35m[main][0;39m org.hibernate.SQL.logStatement - create table MyBooks (id integer generated by default as identity, ShelfType varchar(255) not null, BookID integer, UserID integer, primary key (id))
2020-Aug-02 10:51:44.949 [39mDEBUG[0;39m [35m[main][0;39m org.hibernate.SQL.logStatement - create table Prize (id integer generated by default as identity, PrizeName varchar(64) not null, YearAwarded integer not null, BookID integer, primary key (id))
2020-Aug-02 10:51:44.951 [39mDEBUG[0;39m [35m[main][0;39m org.hibernate.SQL.logStatement - create table Review (id integer generated by default as identity, ContainsSpoiler boolean default false not null, OriginalityRating integer default 3 not null, PageTurnerRating integer default 3 not null, OverallRating integer default 3 not null, text varchar(2048) not null, CreationDate timestamp not null, WritingQualityRating integer default 3 not null, BookID integer, UserID integer, primary key (id))
2020-Aug-02 10:51:44.953 [39mDEBUG[0;39m [35m[main][0;39m org.hibernate.SQL.logStatement - create table Saga (id integer generated by default as identity, NumberInSaga integer not null, SagaTitle varchar(64) not null, BookID integer, primary key (id))
2020-Aug-02 10:51:44.955 [39mDEBUG[0;39m [35m[main][0;39m org.hibernate.SQL.logStatement - create table UsefulReview (id integer generated by default as identity, ReviewID integer, UserID integer, primary key (id))
2020-Aug-02 10:51:44.959 [39mDEBUG[0;39m [35m[main][0;39m org.hibernate.SQL.logStatement - create table UsersInfo (id integer generated by default as identity, Description varchar(1024) not null, Email varchar(64) not null, Enabled boolean default true not null, Name varchar(20) not null, Password varchar(100) not null, ProfilePhotoPath varchar(256) default '/assets/images/default-profile.jpg' not null, Surname varchar(20) not null, Username varchar(50) not null, primary key (id))
2020-Aug-02 10:51:44.961 [39mDEBUG[0;39m [35m[main][0;39m org.hibernate.SQL.logStatement - alter table Author add constraint UK5tknxksn5xir42r34dydw0xbh unique (AuthorsFullname)
2020-Aug-02 10:51:44.967 [39mDEBUG[0;39m [35m[main][0;39m org.hibernate.SQL.logStatement - alter table Authorities add constraint UKmeli85yqk26h4rk5u08xkc4f6 unique (Authority, UserID)
2020-Aug-02 10:51:44.968 [39mDEBUG[0;39m [35m[main][0;39m org.hibernate.SQL.logStatement - alter table AuthorJoinBook add constraint UKf5ipq73yoouiac272xaeht1wf unique (AuthorID, BookID)
2020-Aug-02 10:51:44.970 [39mDEBUG[0;39m [35m[main][0;39m org.hibernate.SQL.logStatement - alter table Book add constraint UKjej8eouerg67durwpm23b5p1p unique (Title)
2020-Aug-02 10:51:44.972 [39mDEBUG[0;39m [35m[main][0;39m org.hibernate.SQL.logStatement - alter table BookRanking add constraint UK2qqi87p9paly6cir7cgvkxk8e unique (MyBooksID)
2020-Aug-02 10:51:44.973 [39mDEBUG[0;39m [35m[main][0;39m org.hibernate.SQL.logStatement - alter table Genre add constraint UKpsq0j6dyp0ev497s5gph4ixcr unique (Genre)
2020-Aug-02 10:51:44.975 [39mDEBUG[0;39m [35m[main][0;39m org.hibernate.SQL.logStatement - alter table GenreJoinBook add constraint UK6ojs9wsag7suv8ot6r0pw8d3o unique (BookID, GenreID)
2020-Aug-02 10:51:44.976 [39mDEBUG[0;39m [35m[main][0;39m org.hibernate.SQL.logStatement - alter table MyBooks add constraint UKajmbgsxhbhm9f8rhxl3fp8mxo unique (UserID, BookID)
2020-Aug-02 10:51:44.978 [39mDEBUG[0;39m [35m[main][0;39m org.hibernate.SQL.logStatement - alter table Prize add constraint UKngjiwxa1hcyvgtx8e9mnav0as unique (PrizeName, BookID)
2020-Aug-02 10:51:44.979 [39mDEBUG[0;39m [35m[main][0;39m org.hibernate.SQL.logStatement - alter table Prize add constraint UKkf4464n3eqtbfrvla3kndpex4 unique (YearAwarded, PrizeName)
2020-Aug-02 10:51:44.980 [39mDEBUG[0;39m [35m[main][0;39m org.hibernate.SQL.logStatement - alter table Saga add constraint UKctmupi8548g5akgavmo7373ej unique (NumberInSaga, SagaTitle)
2020-Aug-02 10:51:44.982 [39mDEBUG[0;39m [35m[main][0;39m org.hibernate.SQL.logStatement - alter table Saga add constraint UK3h4gwb3twc1j5yqj16i20w225 unique (BookID)
2020-Aug-02 10:51:44.983 [39mDEBUG[0;39m [35m[main][0;39m org.hibernate.SQL.logStatement - alter table UsefulReview add constraint UK8c72yxyntalaeklgiegvd08qg unique (UserID, ReviewID)
2020-Aug-02 10:51:44.985 [39mDEBUG[0;39m [35m[main][0;39m org.hibernate.SQL.logStatement - alter table UsersInfo add constraint UKgfp4r0we47nq8vyephqpmdobe unique (Username)
2020-Aug-02 10:51:44.986 [39mDEBUG[0;39m [35m[main][0;39m org.hibernate.SQL.logStatement - alter table UsersInfo add constraint UKn2xo7psdtqy61s04d7wdio08s unique (Email)
2020-Aug-02 10:51:44.988 [39mDEBUG[0;39m [35m[main][0;39m org.hibernate.SQL.logStatement - alter table Authorities add constraint FK2j8f9r941w0pfnix4vanj3o83 foreign key (UserID) references UsersInfo
2020-Aug-02 10:51:44.998 [39mDEBUG[0;39m [35m[main][0;39m org.hibernate.SQL.logStatement - alter table AuthorJoinBook add constraint FKt12i406qtqka9e074dq1xqc5 foreign key (AuthorID) references Author
2020-Aug-02 10:51:45.001 [39mDEBUG[0;39m [35m[main][0;39m org.hibernate.SQL.logStatement - alter table AuthorJoinBook add constraint FKb44snxx6mif4m3t068tnxlb1u foreign key (BookID) references Book
2020-Aug-02 10:51:45.003 [39mDEBUG[0;39m [35m[main][0;39m org.hibernate.SQL.logStatement - alter table BookRanking add constraint FKbofph4c8tg9v9bkd7ds0ln25s foreign key (MyBooksID) references MyBooks
2020-Aug-02 10:51:45.004 [39mDEBUG[0;39m [35m[main][0;39m org.hibernate.SQL.logStatement - alter table GenreJoinBook add constraint FK85qpuha3avt180hofb6w7s6sk foreign key (BookID) references Book
2020-Aug-02 10:51:45.006 [39mDEBUG[0;39m [35m[main][0;39m org.hibernate.SQL.logStatement - alter table GenreJoinBook add constraint FK3tp0puuqcbd1pycxshrj06shb foreign key (GenreID) references Genre
2020-Aug-02 10:51:45.009 [39mDEBUG[0;39m [35m[main][0;39m org.hibernate.SQL.logStatement - alter table MyBooks add constraint FKh3b1btush0y7jb27vrrnx51l foreign key (BookID) references Book
2020-Aug-02 10:51:45.011 [39mDEBUG[0;39m [35m[main][0;39m org.hibernate.SQL.logStatement - alter table MyBooks add constraint FKahs4ysy66blnn373d6bnx83xe foreign key (UserID) references UsersInfo
2020-Aug-02 10:51:45.012 [39mDEBUG[0;39m [35m[main][0;39m org.hibernate.SQL.logStatement - alter table Prize add constraint FK66s9l2ul4s0yeboq7b438j4ss foreign key (BookID) references Book
2020-Aug-02 10:51:45.015 [39mDEBUG[0;39m [35m[main][0;39m org.hibernate.SQL.logStatement - alter table Review add constraint FKacsvfkemcu4rqx8kjsspubmw1 foreign key (BookID) references Book
2020-Aug-02 10:51:45.017 [39mDEBUG[0;39m [35m[main][0;39m org.hibernate.SQL.logStatement - alter table Review add constraint FK5pdnvmhkvlwtg87cnxxex7l6r foreign key (UserID) references UsersInfo
2020-Aug-02 10:51:45.019 [39mDEBUG[0;39m [35m[main][0;39m org.hibernate.SQL.logStatement - alter table Saga add constraint FK2mrpopqwbewxwffepwonscu9k foreign key (BookID) references Book
2020-Aug-02 10:51:45.021 [39mDEBUG[0;39m [35m[main][0;39m org.hibernate.SQL.logStatement - alter table UsefulReview add constraint FK5aq4e7gasqwji0ex4w1oa7v7y foreign key (ReviewID) references Review
2020-Aug-02 10:51:45.023 [39mDEBUG[0;39m [35m[main][0;39m org.hibernate.SQL.logStatement - alter table UsefulReview add constraint FK43s5x64qs47g55v4cs4r3vigo foreign key (UserID) references UsersInfo
2020-Aug-02 10:51:45.904 [31mWARN [0;39m [35m[main][0;39m o.s.b.a.o.j.JpaBaseConfiguration$JpaWebConfiguration.openEntityManagerInViewInterceptor - spring.jpa.open-in-view is enabled by default. Therefore, database queries may be performed during view rendering. Explicitly configure spring.jpa.open-in-view to disable this warning
2020-Aug-02 10:51:49.047 [39mDEBUG[0;39m [35m[main][0;39m org.hibernate.SQL.logStatement - select usersinfo0_.id as id1_12_, usersinfo0_.Description as Descript2_12_, usersinfo0_.Email as Email3_12_, usersinfo0_.Enabled as Enabled4_12_, usersinfo0_.Name as Name5_12_, usersinfo0_.Password as Password6_12_, usersinfo0_.ProfilePhotoPath as ProfileP7_12_, usersinfo0_.Surname as Surname8_12_, usersinfo0_.Username as Username9_12_ from UsersInfo usersinfo0_ where usersinfo0_.Username=?
2020-Aug-02 10:51:49.079 [39mDEBUG[0;39m [35m[main][0;39m org.hibernate.SQL.logStatement - select authoritie0_.id as id1_1_, authoritie0_.Authority as Authorit2_1_, authoritie0_.UserID as UserID3_1_ from Authorities authoritie0_ where authoritie0_.UserID=?
2020-Aug-02 10:51:49.138 [39mDEBUG[0;39m [35m[main][0;39m org.hibernate.SQL.logStatement - select mybooks0_.id as col_0_0_, libro1_.Title as col_1_0_ from MyBooks mybooks0_ inner join Book libro1_ on (mybooks0_.BookID=libro1_.Id) where mybooks0_.ShelfType='read' and mybooks0_.UserID=? and (mybooks0_.id not in  (select bookrankin2_.MyBooksID from BookRanking bookrankin2_))
2020-Aug-02 10:51:49.230 [39mDEBUG[0;39m [35m[main][0;39m org.hibernate.SQL.logStatement - select usersinfo0_.id as id1_12_, usersinfo0_.Description as Descript2_12_, usersinfo0_.Email as Email3_12_, usersinfo0_.Enabled as Enabled4_12_, usersinfo0_.Name as Name5_12_, usersinfo0_.Password as Password6_12_, usersinfo0_.ProfilePhotoPath as ProfileP7_12_, usersinfo0_.Surname as Surname8_12_, usersinfo0_.Username as Username9_12_ from UsersInfo usersinfo0_ where usersinfo0_.Username=?
2020-Aug-02 10:51:49.231 [39mDEBUG[0;39m [35m[main][0;39m org.hibernate.SQL.logStatement - select authoritie0_.id as id1_1_, authoritie0_.Authority as Authorit2_1_, authoritie0_.UserID as UserID3_1_ from Authorities authoritie0_ where authoritie0_.UserID=?
2020-Aug-02 10:51:49.238 [39mDEBUG[0;39m [35m[main][0;39m org.hibernate.SQL.logStatement - select mybooks0_.id as col_0_0_, libro1_.Title as col_1_0_ from MyBooks mybooks0_ inner join Book libro1_ on (mybooks0_.BookID=libro1_.Id) where mybooks0_.ShelfType='read' and mybooks0_.UserID=? and (mybooks0_.id not in  (select bookrankin2_.MyBooksID from BookRanking bookrankin2_))
2020-Aug-02 10:51:49.266 [39mDEBUG[0;39m [35m[main][0;39m org.hibernate.SQL.logStatement - select mybooks0_.id as col_0_0_, libro1_.Id as col_1_0_, libro1_.Title as col_2_0_, mybooks0_.ShelfType as col_3_0_, mybooks0_.UserID as col_4_0_, avg(cast(recensione2_.OverallRating as double)) as col_5_0_ from MyBooks mybooks0_ inner join Book libro1_ on (mybooks0_.BookID=libro1_.Id) left outer join Review recensione2_ on (recensione2_.BookID=libro1_.Id) where mybooks0_.UserID=? group by mybooks0_.id , libro1_.Id , libro1_.Title , mybooks0_.ShelfType , mybooks0_.UserID
2020-Aug-02 10:51:49.277 [39mDEBUG[0;39m [35m[main][0;39m org.hibernate.SQL.logStatement - select genre0_.Genre as col_0_0_ from Genre genre0_ inner join GenreJoinBook genrejoinb1_ on genre0_.id=genrejoinb1_.GenreID where genrejoinb1_.BookID=?
2020-Aug-02 10:51:49.278 [39mDEBUG[0;39m [35m[main][0;39m org.hibernate.SQL.logStatement - select author0_.Id as col_0_0_, author0_.AuthorsFullname as col_1_0_ from Author author0_ inner join AuthorJoinBook authorjoin1_ on author0_.Id=authorjoin1_.AuthorID where authorjoin1_.BookID=?
2020-Aug-02 10:51:49.280 [39mDEBUG[0;39m [35m[main][0;39m org.hibernate.SQL.logStatement - select libro0_.CoverPhotoPath as col_0_0_ from Book libro0_ where libro0_.Id=?
2020-Aug-02 10:51:49.282 [39mDEBUG[0;39m [35m[main][0;39m org.hibernate.SQL.logStatement - select genre0_.Genre as col_0_0_ from Genre genre0_ inner join GenreJoinBook genrejoinb1_ on genre0_.id=genrejoinb1_.GenreID where genrejoinb1_.BookID=?
2020-Aug-02 10:51:49.283 [39mDEBUG[0;39m [35m[main][0;39m org.hibernate.SQL.logStatement - select author0_.Id as col_0_0_, author0_.AuthorsFullname as col_1_0_ from Author author0_ inner join AuthorJoinBook authorjoin1_ on author0_.Id=authorjoin1_.AuthorID where authorjoin1_.BookID=?
2020-Aug-02 10:51:49.284 [39mDEBUG[0;39m [35m[main][0;39m org.hibernate.SQL.logStatement - select libro0_.CoverPhotoPath as col_0_0_ from Book libro0_ where libro0_.Id=?
2020-Aug-02 10:51:49.303 [39mDEBUG[0;39m [35m[main][0;39m org.hibernate.SQL.logStatement - select usersinfo0_.id as id1_12_, usersinfo0_.Description as Descript2_12_, usersinfo0_.Email as Email3_12_, usersinfo0_.Enabled as Enabled4_12_, usersinfo0_.Name as Name5_12_, usersinfo0_.Password as Password6_12_, usersinfo0_.ProfilePhotoPath as ProfileP7_12_, usersinfo0_.Surname as Surname8_12_, usersinfo0_.Username as Username9_12_ from UsersInfo usersinfo0_ where usersinfo0_.Username=?
2020-Aug-02 10:51:49.304 [39mDEBUG[0;39m [35m[main][0;39m org.hibernate.SQL.logStatement - select authoritie0_.id as id1_1_, authoritie0_.Authority as Authorit2_1_, authoritie0_.UserID as UserID3_1_ from Authorities authoritie0_ where authoritie0_.UserID=?
2020-Aug-02 10:51:49.316 [39mDEBUG[0;39m [35m[main][0;39m org.hibernate.SQL.logStatement - select mybooks0_.id as id1_7_, mybooks0_.ShelfType as ShelfTyp2_7_, mybooks0_.BookID as BookID3_7_, mybooks0_.UserID as UserID4_7_ from MyBooks mybooks0_ where mybooks0_.UserID=? and mybooks0_.BookID=?
2020-Aug-02 10:51:49.326 [39mDEBUG[0;39m [35m[main][0;39m org.hibernate.SQL.logStatement - select usersinfo0_.id as id1_12_0_, usersinfo0_.Description as Descript2_12_0_, usersinfo0_.Email as Email3_12_0_, usersinfo0_.Enabled as Enabled4_12_0_, usersinfo0_.Name as Name5_12_0_, usersinfo0_.Password as Password6_12_0_, usersinfo0_.ProfilePhotoPath as ProfileP7_12_0_, usersinfo0_.Surname as Surname8_12_0_, usersinfo0_.Username as Username9_12_0_ from UsersInfo usersinfo0_ where usersinfo0_.id=?
2020-Aug-02 10:51:49.333 [39mDEBUG[0;39m [35m[main][0;39m org.hibernate.SQL.logStatement - select libro0_.Id as Id1_3_0_, libro0_.PubblicationYear as Pubblica2_3_0_, libro0_.CoverPhotoPath as CoverPho3_3_0_, libro0_.NumberOfPages as NumberOf4_3_0_, libro0_.Synopsis as Synopsis5_3_0_, libro0_.Title as Title6_3_0_ from Book libro0_ where libro0_.Id=?
2020-Aug-02 10:51:49.336 [39mDEBUG[0;39m [35m[main][0;39m org.hibernate.SQL.logStatement - select saga0_.id as id1_10_0_, saga0_.BookID as BookID4_10_0_, saga0_.NumberInSaga as NumberIn2_10_0_, saga0_.SagaTitle as SagaTitl3_10_0_ from Saga saga0_ where saga0_.BookID=?
2020-Aug-02 10:51:49.359 [39mDEBUG[0;39m [35m[main][0;39m org.hibernate.SQL.logStatement - insert into MyBooks (id, ShelfType, BookID, UserID) values (null, ?, ?, ?)
2020-Aug-02 10:51:49.386 [39mDEBUG[0;39m [35m[main][0;39m org.hibernate.SQL.logStatement - select usersinfo0_.id as id1_12_, usersinfo0_.Description as Descript2_12_, usersinfo0_.Email as Email3_12_, usersinfo0_.Enabled as Enabled4_12_, usersinfo0_.Name as Name5_12_, usersinfo0_.Password as Password6_12_, usersinfo0_.ProfilePhotoPath as ProfileP7_12_, usersinfo0_.Surname as Surname8_12_, usersinfo0_.Username as Username9_12_ from UsersInfo usersinfo0_ where usersinfo0_.Username=?
2020-Aug-02 10:51:49.388 [39mDEBUG[0;39m [35m[main][0;39m org.hibernate.SQL.logStatement - select authoritie0_.id as id1_1_, authoritie0_.Authority as Authorit2_1_, authoritie0_.UserID as UserID3_1_ from Authorities authoritie0_ where authoritie0_.UserID=?
2020-Aug-02 10:51:49.393 [39mDEBUG[0;39m [35m[main][0;39m org.hibernate.SQL.logStatement - select mybooks0_.id as id1_7_, mybooks0_.ShelfType as ShelfTyp2_7_, mybooks0_.BookID as BookID3_7_, mybooks0_.UserID as UserID4_7_ from MyBooks mybooks0_ where mybooks0_.UserID=? and mybooks0_.BookID=?
2020-Aug-02 10:51:49.394 [39mDEBUG[0;39m [35m[main][0;39m org.hibernate.SQL.logStatement - select usersinfo0_.id as id1_12_0_, usersinfo0_.Description as Descript2_12_0_, usersinfo0_.Email as Email3_12_0_, usersinfo0_.Enabled as Enabled4_12_0_, usersinfo0_.Name as Name5_12_0_, usersinfo0_.Password as Password6_12_0_, usersinfo0_.ProfilePhotoPath as ProfileP7_12_0_, usersinfo0_.Surname as Surname8_12_0_, usersinfo0_.Username as Username9_12_0_ from UsersInfo usersinfo0_ where usersinfo0_.id=?
2020-Aug-02 10:51:49.396 [39mDEBUG[0;39m [35m[main][0;39m org.hibernate.SQL.logStatement - select libro0_.Id as Id1_3_0_, libro0_.PubblicationYear as Pubblica2_3_0_, libro0_.CoverPhotoPath as CoverPho3_3_0_, libro0_.NumberOfPages as NumberOf4_3_0_, libro0_.Synopsis as Synopsis5_3_0_, libro0_.Title as Title6_3_0_ from Book libro0_ where libro0_.Id=?
2020-Aug-02 10:51:49.480 [39mDEBUG[0;39m [35m[main][0;39m org.hibernate.SQL.logStatement - select usersinfo0_.id as id1_12_, usersinfo0_.Description as Descript2_12_, usersinfo0_.Email as Email3_12_, usersinfo0_.Enabled as Enabled4_12_, usersinfo0_.Name as Name5_12_, usersinfo0_.Password as Password6_12_, usersinfo0_.ProfilePhotoPath as ProfileP7_12_, usersinfo0_.Surname as Surname8_12_, usersinfo0_.Username as Username9_12_ from UsersInfo usersinfo0_ where usersinfo0_.Username=?
2020-Aug-02 10:51:49.481 [39mDEBUG[0;39m [35m[main][0;39m org.hibernate.SQL.logStatement - select authoritie0_.id as id1_1_, authoritie0_.Authority as Authorit2_1_, authoritie0_.UserID as UserID3_1_ from Authorities authoritie0_ where authoritie0_.UserID=?
2020-Aug-02 10:51:49.486 [39mDEBUG[0;39m [35m[main][0;39m org.hibernate.SQL.logStatement - select mybooks0_.id as id1_7_, mybooks0_.ShelfType as ShelfTyp2_7_, mybooks0_.BookID as BookID3_7_, mybooks0_.UserID as UserID4_7_ from MyBooks mybooks0_ where mybooks0_.UserID=? and mybooks0_.BookID=?
2020-Aug-02 10:51:49.496 [39mDEBUG[0;39m [35m[main][0;39m org.hibernate.SQL.logStatement - select bookrankin0_.id as id1_4_0_, bookrankin0_.BookRank as BookRank2_4_0_, bookrankin0_.MyBooksID as MyBooksI3_4_0_ from BookRanking bookrankin0_ where bookrankin0_.MyBooksID=?
2020-Aug-02 10:51:49.509 [39mDEBUG[0;39m [35m[main][0;39m org.hibernate.SQL.logStatement - select usersinfo0_.id as id1_12_, usersinfo0_.Description as Descript2_12_, usersinfo0_.Email as Email3_12_, usersinfo0_.Enabled as Enabled4_12_, usersinfo0_.Name as Name5_12_, usersinfo0_.Password as Password6_12_, usersinfo0_.ProfilePhotoPath as ProfileP7_12_, usersinfo0_.Surname as Surname8_12_, usersinfo0_.Username as Username9_12_ from UsersInfo usersinfo0_ where usersinfo0_.Username=?
2020-Aug-02 10:51:49.511 [39mDEBUG[0;39m [35m[main][0;39m org.hibernate.SQL.logStatement - select authoritie0_.id as id1_1_, authoritie0_.Authority as Authorit2_1_, authoritie0_.UserID as UserID3_1_ from Authorities authoritie0_ where authoritie0_.UserID=?
2020-Aug-02 10:51:49.514 [39mDEBUG[0;39m [35m[main][0;39m org.hibernate.SQL.logStatement - select mybooks0_.id as id1_7_, mybooks0_.ShelfType as ShelfTyp2_7_, mybooks0_.BookID as BookID3_7_, mybooks0_.UserID as UserID4_7_ from MyBooks mybooks0_ where mybooks0_.UserID=? and mybooks0_.BookID=?
2020-Aug-02 10:51:49.516 [39mDEBUG[0;39m [35m[main][0;39m org.hibernate.SQL.logStatement - select usersinfo0_.id as id1_12_0_, usersinfo0_.Description as Descript2_12_0_, usersinfo0_.Email as Email3_12_0_, usersinfo0_.Enabled as Enabled4_12_0_, usersinfo0_.Name as Name5_12_0_, usersinfo0_.Password as Password6_12_0_, usersinfo0_.ProfilePhotoPath as ProfileP7_12_0_, usersinfo0_.Surname as Surname8_12_0_, usersinfo0_.Username as Username9_12_0_ from UsersInfo usersinfo0_ where usersinfo0_.id=?
2020-Aug-02 10:51:49.536 [39mDEBUG[0;39m [35m[main][0;39m org.hibernate.SQL.logStatement - select usersinfo0_.id as id1_12_, usersinfo0_.Description as Descript2_12_, usersinfo0_.Email as Email3_12_, usersinfo0_.Enabled as Enabled4_12_, usersinfo0_.Name as Name5_12_, usersinfo0_.Password as Password6_12_, usersinfo0_.ProfilePhotoPath as ProfileP7_12_, usersinfo0_.Surname as Surname8_12_, usersinfo0_.Username as Username9_12_ from UsersInfo usersinfo0_ where usersinfo0_.Username=?
2020-Aug-02 10:51:49.538 [39mDEBUG[0;39m [35m[main][0;39m org.hibernate.SQL.logStatement - select authoritie0_.id as id1_1_, authoritie0_.Authority as Authorit2_1_, authoritie0_.UserID as UserID3_1_ from Authorities authoritie0_ where authoritie0_.UserID=?
2020-Aug-02 10:51:49.548 [39mDEBUG[0;39m [35m[main][0;39m org.hibernate.SQL.logStatement - select mybooks0_.id as id1_7_, mybooks0_.ShelfType as ShelfTyp2_7_, mybooks0_.BookID as BookID3_7_, mybooks0_.UserID as UserID4_7_ from MyBooks mybooks0_ where mybooks0_.UserID=? and mybooks0_.BookID=?
2020-Aug-02 10:51:49.549 [39mDEBUG[0;39m [35m[main][0;39m org.hibernate.SQL.logStatement - select bookrankin0_.id as id1_4_0_, bookrankin0_.BookRank as BookRank2_4_0_, bookrankin0_.MyBooksID as MyBooksI3_4_0_ from BookRanking bookrankin0_ where bookrankin0_.MyBooksID=?
2020-Aug-02 10:51:49.562 [39mDEBUG[0;39m [35m[main][0;39m org.hibernate.SQL.logStatement - update MyBooks set ShelfType=?, BookID=?, UserID=? where id=?
2020-Aug-02 10:51:49.565 [39mDEBUG[0;39m [35m[main][0;39m org.hibernate.SQL.logStatement - select bookrankin0_.id as id1_4_, bookrankin0_.BookRank as BookRank2_4_, bookrankin0_.MyBooksID as MyBooksI3_4_ from BookRanking bookrankin0_ inner join MyBooks mybooks1_ on (bookrankin0_.MyBooksID=mybooks1_.id) where mybooks1_.id=?
2020-Aug-02 10:51:49.571 [39mDEBUG[0;39m [35m[main][0;39m org.hibernate.SQL.logStatement - select usersinfo0_.id as id1_12_0_, usersinfo0_.Description as Descript2_12_0_, usersinfo0_.Email as Email3_12_0_, usersinfo0_.Enabled as Enabled4_12_0_, usersinfo0_.Name as Name5_12_0_, usersinfo0_.Password as Password6_12_0_, usersinfo0_.ProfilePhotoPath as ProfileP7_12_0_, usersinfo0_.Surname as Surname8_12_0_, usersinfo0_.Username as Username9_12_0_ from UsersInfo usersinfo0_ where usersinfo0_.id=?
2020-Aug-02 10:51:49.574 [39mDEBUG[0;39m [35m[main][0;39m org.hibernate.SQL.logStatement - select bookrankin0_.id as id1_4_, bookrankin0_.BookRank as BookRank2_4_, bookrankin0_.MyBooksID as MyBooksI3_4_ from BookRanking bookrankin0_ inner join MyBooks mybooks1_ on (bookrankin0_.MyBooksID=mybooks1_.id) where mybooks1_.UserID=? order by bookrankin0_.BookRank ASC
2020-Aug-02 10:51:49.577 [39mDEBUG[0;39m [35m[main][0;39m org.hibernate.SQL.logStatement - select mybooks1_.UserID as col_0_0_ from BookRanking bookrankin0_ inner join MyBooks mybooks1_ on (bookrankin0_.MyBooksID=mybooks1_.id) where bookrankin0_.id=?
2020-Aug-02 10:51:49.590 [39mDEBUG[0;39m [35m[main][0;39m org.hibernate.SQL.logStatement - delete from BookRanking where id=?
2020-Aug-02 10:51:49.594 [39mDEBUG[0;39m [35m[main][0;39m org.hibernate.SQL.logStatement - select bookrankin0_.id as col_0_0_, bookrankin0_.BookRank as col_1_0_, libro2_.Id as col_2_0_, libro2_.Title as col_3_0_ from BookRanking bookrankin0_ inner join MyBooks mybooks1_ on (bookrankin0_.MyBooksID=mybooks1_.id) inner join Book libro2_ on mybooks1_.BookID=libro2_.Id where mybooks1_.UserID=? order by bookrankin0_.BookRank ASC
2020-Aug-02 10:51:49.607 [39mDEBUG[0;39m [35m[main][0;39m org.hibernate.SQL.logStatement - select usersinfo0_.id as id1_12_, usersinfo0_.Description as Descript2_12_, usersinfo0_.Email as Email3_12_, usersinfo0_.Enabled as Enabled4_12_, usersinfo0_.Name as Name5_12_, usersinfo0_.Password as Password6_12_, usersinfo0_.ProfilePhotoPath as ProfileP7_12_, usersinfo0_.Surname as Surname8_12_, usersinfo0_.Username as Username9_12_ from UsersInfo usersinfo0_ where usersinfo0_.Username=?
2020-Aug-02 10:51:49.609 [39mDEBUG[0;39m [35m[main][0;39m org.hibernate.SQL.logStatement - select authoritie0_.id as id1_1_, authoritie0_.Authority as Authorit2_1_, authoritie0_.UserID as UserID3_1_ from Authorities authoritie0_ where authoritie0_.UserID=?
2020-Aug-02 10:51:49.612 [39mDEBUG[0;39m [35m[main][0;39m org.hibernate.SQL.logStatement - select mybooks0_.id as id1_7_, mybooks0_.ShelfType as ShelfTyp2_7_, mybooks0_.BookID as BookID3_7_, mybooks0_.UserID as UserID4_7_ from MyBooks mybooks0_ where mybooks0_.UserID=? and mybooks0_.BookID=?
2020-Aug-02 10:51:49.623 [39mDEBUG[0;39m [35m[main][0;39m org.hibernate.SQL.logStatement - select usersinfo0_.id as id1_12_, usersinfo0_.Description as Descript2_12_, usersinfo0_.Email as Email3_12_, usersinfo0_.Enabled as Enabled4_12_, usersinfo0_.Name as Name5_12_, usersinfo0_.Password as Password6_12_, usersinfo0_.ProfilePhotoPath as ProfileP7_12_, usersinfo0_.Surname as Surname8_12_, usersinfo0_.Username as Username9_12_ from UsersInfo usersinfo0_ where usersinfo0_.Username=?
2020-Aug-02 10:51:49.624 [39mDEBUG[0;39m [35m[main][0;39m org.hibernate.SQL.logStatement - select authoritie0_.id as id1_1_, authoritie0_.Authority as Authorit2_1_, authoritie0_.UserID as UserID3_1_ from Authorities authoritie0_ where authoritie0_.UserID=?
2020-Aug-02 10:51:49.626 [39mDEBUG[0;39m [35m[main][0;39m org.hibernate.SQL.logStatement - select mybooks0_.id as id1_7_, mybooks0_.ShelfType as ShelfTyp2_7_, mybooks0_.BookID as BookID3_7_, mybooks0_.UserID as UserID4_7_ from MyBooks mybooks0_ where mybooks0_.UserID=? and mybooks0_.BookID=?
2020-Aug-02 10:51:49.628 [39mDEBUG[0;39m [35m[main][0;39m org.hibernate.SQL.logStatement - select bookrankin0_.id as id1_4_0_, bookrankin0_.BookRank as BookRank2_4_0_, bookrankin0_.MyBooksID as MyBooksI3_4_0_ from BookRanking bookrankin0_ where bookrankin0_.MyBooksID=?
2020-Aug-02 10:51:49.629 [39mDEBUG[0;39m [35m[main][0;39m org.hibernate.SQL.logStatement - update MyBooks set ShelfType=?, BookID=?, UserID=? where id=?
2020-Aug-02 10:51:49.646 [39mDEBUG[0;39m [35m[main][0;39m org.hibernate.SQL.logStatement - select usersinfo0_.id as id1_12_, usersinfo0_.Description as Descript2_12_, usersinfo0_.Email as Email3_12_, usersinfo0_.Enabled as Enabled4_12_, usersinfo0_.Name as Name5_12_, usersinfo0_.Password as Password6_12_, usersinfo0_.ProfilePhotoPath as ProfileP7_12_, usersinfo0_.Surname as Surname8_12_, usersinfo0_.Username as Username9_12_ from UsersInfo usersinfo0_ where usersinfo0_.Username=?
2020-Aug-02 10:51:49.648 [39mDEBUG[0;39m [35m[main][0;39m org.hibernate.SQL.logStatement - select authoritie0_.id as id1_1_, authoritie0_.Authority as Authorit2_1_, authoritie0_.UserID as UserID3_1_ from Authorities authoritie0_ where authoritie0_.UserID=?
2020-Aug-02 10:51:49.656 [39mDEBUG[0;39m [35m[main][0;39m org.hibernate.SQL.logStatement - select mybooks0_.id as id1_7_, mybooks0_.ShelfType as ShelfTyp2_7_, mybooks0_.BookID as BookID3_7_, mybooks0_.UserID as UserID4_7_ from MyBooks mybooks0_ where mybooks0_.UserID=? and mybooks0_.BookID=?
2020-Aug-02 10:51:49.657 [39mDEBUG[0;39m [35m[main][0;39m org.hibernate.SQL.logStatement - select bookrankin0_.id as id1_4_0_, bookrankin0_.BookRank as BookRank2_4_0_, bookrankin0_.MyBooksID as MyBooksI3_4_0_ from BookRanking bookrankin0_ where bookrankin0_.MyBooksID=?
2020-Aug-02 10:51:49.659 [39mDEBUG[0;39m [35m[main][0;39m org.hibernate.SQL.logStatement - select bookrankin0_.id as id1_4_, bookrankin0_.BookRank as BookRank2_4_, bookrankin0_.MyBooksID as MyBooksI3_4_ from BookRanking bookrankin0_ inner join MyBooks mybooks1_ on (bookrankin0_.MyBooksID=mybooks1_.id) where mybooks1_.id=?
2020-Aug-02 10:51:49.661 [39mDEBUG[0;39m [35m[main][0;39m org.hibernate.SQL.logStatement - delete from MyBooks where id=?
2020-Aug-02 10:51:49.673 [39mDEBUG[0;39m [35m[main][0;39m org.hibernate.SQL.logStatement - select usersinfo0_.id as id1_12_, usersinfo0_.Description as Descript2_12_, usersinfo0_.Email as Email3_12_, usersinfo0_.Enabled as Enabled4_12_, usersinfo0_.Name as Name5_12_, usersinfo0_.Password as Password6_12_, usersinfo0_.ProfilePhotoPath as ProfileP7_12_, usersinfo0_.Surname as Surname8_12_, usersinfo0_.Username as Username9_12_ from UsersInfo usersinfo0_ where usersinfo0_.Username=?
2020-Aug-02 10:51:49.674 [39mDEBUG[0;39m [35m[main][0;39m org.hibernate.SQL.logStatement - select authoritie0_.id as id1_1_, authoritie0_.Authority as Authorit2_1_, authoritie0_.UserID as UserID3_1_ from Authorities authoritie0_ where authoritie0_.UserID=?
2020-Aug-02 10:51:49.677 [39mDEBUG[0;39m [35m[main][0;39m org.hibernate.SQL.logStatement - select mybooks0_.id as id1_7_, mybooks0_.ShelfType as ShelfTyp2_7_, mybooks0_.BookID as BookID3_7_, mybooks0_.UserID as UserID4_7_ from MyBooks mybooks0_ where mybooks0_.UserID=? and mybooks0_.BookID=?
2020-Aug-02 10:51:49.678 [39mDEBUG[0;39m [35m[main][0;39m org.hibernate.SQL.logStatement - select bookrankin0_.id as id1_4_0_, bookrankin0_.BookRank as BookRank2_4_0_, bookrankin0_.MyBooksID as MyBooksI3_4_0_ from BookRanking bookrankin0_ where bookrankin0_.MyBooksID=?
2020-Aug-02 10:51:49.679 [39mDEBUG[0;39m [35m[main][0;39m org.hibernate.SQL.logStatement - select bookrankin0_.id as id1_4_, bookrankin0_.BookRank as BookRank2_4_, bookrankin0_.MyBooksID as MyBooksI3_4_ from BookRanking bookrankin0_ inner join MyBooks mybooks1_ on (bookrankin0_.MyBooksID=mybooks1_.id) where mybooks1_.id=?
2020-Aug-02 10:51:49.681 [39mDEBUG[0;39m [35m[main][0;39m org.hibernate.SQL.logStatement - delete from MyBooks where id=?
2020-Aug-02 10:51:49.726 [39mDEBUG[0;39m [35m[SpringContextShutdownHook][0;39m org.hibernate.SQL.logStatement - drop table Author if exists
2020-Aug-02 10:51:49.728 [1;31mERROR[0;39m [35m[SpringContextShutdownHook][0;39m o.h.e.jdbc.spi.SqlExceptionHelper.logExceptions - Database is already closed (to disable automatic closing at VM shutdown, add ";DB_CLOSE_ON_EXIT=FALSE" to the db URL) [90121-200]
2020-Aug-02 10:51:49.730 [1;31mERROR[0;39m [35m[SpringContextShutdownHook][0;39m o.h.e.jdbc.spi.SqlExceptionHelper.logExceptions - Database is already closed (to disable automatic closing at VM shutdown, add ";DB_CLOSE_ON_EXIT=FALSE" to the db URL) [90121-200]
2020-Aug-02 10:51:49.730 [31mWARN [0;39m [35m[SpringContextShutdownHook][0;39m o.s.b.f.s.DisposableBeanAdapter.destroy - Invocation of destroy method failed on bean with name 'entityManagerFactory': org.hibernate.exception.JDBCConnectionException: Unable to release JDBC Connection used for DDL execution
